<?xml version="1.0" encoding="UTF-8"?>
<!-- Generated by org.testng.reporters.JUnitXMLReporter -->
<testsuite ignored="0" hostname="LTIN203482" failures="0" tests="3" name="Default test" time="79.564" errors="0" timestamp="24 Dec 2021 07:29:28 GMT">
  <testcase classname="baseClass.BaseUI" name="invokeBrowser" time="6.354"/>
  <testcase classname="baseClass.BaseUI" name="openURL" time="30.848"/>
  <testcase classname="testClass.Defect" name="openProject" time="42.308"/>
</testsuite> <!-- Default test -->
